<?xml version="1.0" encoding="UTF-8"?>
<coverage generated="1667135193280" clover="3.2.0">
  <project timestamp="1667135193280" name="All files">
    <metrics statements="22" coveredstatements="12" conditionals="2" coveredconditionals="2" methods="3" coveredmethods="2" elements="27" coveredelements="16" complexity="0" loc="22" ncloc="22" packages="1" files="1" classes="1"/>
    <file name="search.ts" path="/Users/leon/Documents/My Creation/Deezer/Deezer/src/stores/search.ts">
      <metrics statements="22" coveredstatements="12" conditionals="2" coveredconditionals="2" methods="3" coveredmethods="2"/>
      <line num="1" count="1" type="stmt"/>
      <line num="2" count="1" type="stmt"/>
      <line num="3" count="1" type="stmt"/>
      <line num="4" count="1" type="stmt"/>
      <line num="5" count="1" type="stmt"/>
      <line num="6" count="1" type="stmt"/>
      <line num="7" count="1" type="cond" truecount="1" falsecount="0"/>
      <line num="8" count="1" type="stmt"/>
      <line num="9" count="1" type="stmt"/>
      <line num="10" count="1" type="stmt"/>
      <line num="11" count="0" type="stmt"/>
      <line num="12" count="0" type="stmt"/>
      <line num="13" count="0" type="stmt"/>
      <line num="14" count="0" type="stmt"/>
      <line num="15" count="0" type="stmt"/>
      <line num="16" count="0" type="stmt"/>
      <line num="17" count="0" type="stmt"/>
      <line num="18" count="0" type="stmt"/>
      <line num="19" count="0" type="stmt"/>
      <line num="20" count="0" type="stmt"/>
      <line num="21" count="1" type="stmt"/>
      <line num="22" count="1" type="cond" truecount="1" falsecount="0"/>
    </file>
  </project>
</coverage>
