{"/Users/leon/Documents/My Creation/Deezer/Deezer/src/stores/search.ts": {"path":"/Users/leon/Documents/My Creation/Deezer/Deezer/src/stores/search.ts","all":false,"statementMap":{"0":{"start":{"line":1,"column":0},"end":{"line":1,"column":36}},"1":{"start":{"line":2,"column":0},"end":{"line":2,"column":26}},"2":{"start":{"line":3,"column":0},"end":{"line":3,"column":0}},"3":{"start":{"line":4,"column":0},"end":{"line":4,"column":66}},"4":{"start":{"line":5,"column":0},"end":{"line":5,"column":15}},"5":{"start":{"line":6,"column":0},"end":{"line":6,"column":53}},"6":{"start":{"line":7,"column":0},"end":{"line":7,"column":34}},"7":{"start":{"line":8,"column":0},"end":{"line":8,"column":14}},"8":{"start":{"line":9,"column":0},"end":{"line":9,"column":12}},"9":{"start":{"line":10,"column":0},"end":{"line":10,"column":20}},"10":{"start":{"line":11,"column":0},"end":{"line":11,"column":19}},"11":{"start":{"line":12,"column":0},"end":{"line":12,"column":11}},"12":{"start":{"line":13,"column":0},"end":{"line":13,"column":41}},"13":{"start":{"line":14,"column":0},"end":{"line":14,"column":86}},"14":{"start":{"line":15,"column":0},"end":{"line":15,"column":10}},"15":{"start":{"line":16,"column":0},"end":{"line":16,"column":30}},"16":{"start":{"line":17,"column":0},"end":{"line":17,"column":23}},"17":{"start":{"line":18,"column":0},"end":{"line":18,"column":67}},"18":{"start":{"line":19,"column":0},"end":{"line":19,"column":7}},"19":{"start":{"line":20,"column":0},"end":{"line":20,"column":6}},"20":{"start":{"line":21,"column":0},"end":{"line":21,"column":4}},"21":{"start":{"line":22,"column":0},"end":{"line":22,"column":3}}},"s":{"0":1,"1":1,"2":1,"3":1,"4":1,"5":1,"6":1,"7":1,"8":1,"9":1,"10":0,"11":0,"12":0,"13":0,"14":0,"15":0,"16":0,"17":0,"18":0,"19":0,"20":1,"21":1},"branchMap":{"0":{"type":"branch","line":7,"loc":{"start":{"line":7,"column":9},"end":{"line":7,"column":34}},"locations":[{"start":{"line":7,"column":9},"end":{"line":7,"column":34}}]},"1":{"type":"branch","line":22,"loc":{"start":{"line":22,"column":1},"end":{"line":22,"column":3}},"locations":[{"start":{"line":22,"column":1},"end":{"line":22,"column":3}}]}},"b":{"0":[2],"1":[1]},"fnMap":{"0":{"name":"state","decl":{"start":{"line":7,"column":9},"end":{"line":7,"column":34}},"loc":{"start":{"line":7,"column":9},"end":{"line":7,"column":34}},"line":7},"1":{"name":"search","decl":{"start":{"line":10,"column":4},"end":{"line":20,"column":6}},"loc":{"start":{"line":10,"column":4},"end":{"line":20,"column":6}},"line":10},"2":{"name":"get","decl":{"start":{"line":22,"column":1},"end":{"line":22,"column":3}},"loc":{"start":{"line":22,"column":1},"end":{"line":22,"column":3}},"line":22}},"f":{"0":2,"1":0,"2":1}}
}
